<?xml version="1.0" encoding="utf-8"?><testsuites name="pytest tests"><testsuite name="pytest" errors="0" failures="0" skipped="0" tests="65" time="27.456" timestamp="2026-07-22T13:00:18.739728+00:00" hostname="agent-env-75eb7f7c-13f9-472d-9674-484602c2e4d6"><testcase classname="backend.tests.test_velora_backend.TestPublic" name="test_root_ok" time="0.205" /><testcase classname="backend.tests.test_velora_backend.TestPublic" name="test_quotes_non_empty" time="0.046" /><testcase classname="backend.tests.test_velora_backend.TestPublic" name="test_onboarding_library_shape" time="0.075" /><testcase classname="backend.tests.test_velora_backend.TestNews" name="test_news_default_returns_items" time="0.053" /><testcase classname="backend.tests.test_velora_backend.TestNews" name="test_news_filter_by_kind[new_career]" time="0.044" /><testcase classname="backend.tests.test_velora_backend.TestNews" name="test_news_filter_by_kind[news]" time="0.045" /><testcase classname="backend.tests.test_velora_backend.TestNews" name="test_news_filter_by_kind[fact]" time="0.046" /><testcase classname="backend.tests.test_velora_backend.TestNews" name="test_news_filter_by_kind[all]" time="0.046" /><testcase classname="backend.tests.test_velora_backend.TestExplore" name="test_scholarships_seeded_count" time="0.044" /><testcase classname="backend.tests.test_velora_backend.TestExplore" name="test_scholarships_query_filter" time="0.043" /><testcase classname="backend.tests.test_velora_backend.TestExplore" name="test_scholarships_tag_filter" time="0.044" /><testcase classname="backend.tests.test_velora_backend.TestExplore" name="test_scholarship_detail" time="0.043" /><testcase classname="backend.tests.test_velora_backend.TestExplore" name="test_unknown_kind_returns_404" time="0.042" /><testcase classname="backend.tests.test_velora_backend.TestExplore" name="test_unknown_item_returns_404" time="0.042" /><testcase classname="backend.tests.test_velora_backend.TestAuthGate" name="test_me_401_without_token" time="0.046" /><testcase classname="backend.tests.test_velora_backend.TestAuthGate" name="test_session_invalid_id_401" time="0.140" /><testcase classname="backend.tests.test_velora_backend.TestAuthGate" name="test_gated_endpoint_401[/api/planner]" time="0.045" /><testcase classname="backend.tests.test_velora_backend.TestAuthGate" name="test_gated_endpoint_401[/api/collections]" time="0.045" /><testcase classname="backend.tests.test_velora_backend.TestAuthGate" name="test_gated_endpoint_401[/api/blueprint]" time="0.043" /><testcase classname="backend.tests.test_velora_backend.TestAuthGate" name="test_gated_endpoint_401[/api/discover/today]" time="0.046" /><testcase classname="backend.tests.test_velora_backend.TestAuthed" name="test_me_with_token" time="0.051" /><testcase classname="backend.tests.test_velora_backend.TestAuthed" name="test_discover_today_shape" time="0.044" /><testcase classname="backend.tests.test_velora_backend.TestPlannerCRUD" name="test_create_task" time="0.046" /><testcase classname="backend.tests.test_velora_backend.TestPlannerCRUD" name="test_list_contains_created" time="0.046" /><testcase classname="backend.tests.test_velora_backend.TestPlannerCRUD" name="test_patch_status_done" time="0.048" /><testcase classname="backend.tests.test_velora_backend.TestPlannerCRUD" name="test_delete_task" time="0.095" /><testcase classname="backend.tests.test_velora_backend.TestCollections" name="test_save_scholarship_first" time="0.045" /><testcase classname="backend.tests.test_velora_backend.TestCollections" name="test_save_scholarship_dedupe" time="0.044" /><testcase classname="backend.tests.test_velora_backend.TestCollections" name="test_list_saves" time="0.053" /><testcase classname="backend.tests.test_velora_backend.TestCollections" name="test_delete_save" time="0.090" /><testcase classname="backend.tests.test_velora_backend.TestOnboardingComplete" name="test_complete_generates_blueprint" time="23.288" /><testcase classname="backend.tests.test_velora_backend.TestOnboardingComplete" name="test_get_blueprint_after_complete" time="0.048" /><testcase classname="backend.tests.test_velora_v2.TestRootContact" name="test_root_velora_shape" time="0.047" /><testcase classname="backend.tests.test_velora_v2.TestRootContact" name="test_contact_email_and_founders" time="0.043" /><testcase classname="backend.tests.test_velora_v2.TestArticles" name="test_articles_list_28" time="0.048" /><testcase classname="backend.tests.test_velora_v2.TestArticles" name="test_articles_category_filter" time="0.044" /><testcase classname="backend.tests.test_velora_v2.TestArticles" name="test_articles_search_passwords" time="0.047" /><testcase classname="backend.tests.test_velora_v2.TestArticles" name="test_article_detail_shape" time="0.092" /><testcase classname="backend.tests.test_velora_v2.TestArticles" name="test_article_missing_404" time="0.043" /><testcase classname="backend.tests.test_velora_v2.TestExploreV2" name="test_universities_around_933" time="0.109" /><testcase classname="backend.tests.test_velora_v2.TestExploreV2" name="test_universities_tag_india" time="0.044" /><testcase classname="backend.tests.test_velora_v2.TestExploreV2" name="test_countries_40_with_fields" time="0.047" /><testcase classname="backend.tests.test_velora_v2.TestRecommend" name="test_recommend_countries_budget_pr" time="0.047" /><testcase classname="backend.tests.test_velora_v2.TestRecommend" name="test_recommend_universities_india_cs" time="0.046" /><testcase classname="backend.tests.test_velora_v2.TestRecommend" name="test_recommend_bad_kind_400" time="0.043" /><testcase classname="backend.tests.test_velora_v2.TestNewsFresh" name="test_news_fresh_true_returns_items" time="0.047" /><testcase classname="backend.tests.test_velora_v2.TestBlueprintReset" name="test_reset_requires_auth" time="0.046" /><testcase classname="backend.tests.test_velora_v2.TestBlueprintReset" name="test_reset_authed_ok" time="0.047" /><testcase classname="backend.tests.test_velora_v2.TestProfilePic" name="test_picture_requires_auth" time="0.044" /><testcase classname="backend.tests.test_velora_v2.TestProfilePic" name="test_picture_put_stores_base64" time="0.098" /><testcase classname="backend.tests.test_velora_v2.TestVisionBoards" name="test_boards_require_auth" time="0.049" /><testcase classname="backend.tests.test_velora_v2.TestVisionBoards" name="test_create_board" time="0.050" /><testcase classname="backend.tests.test_velora_v2.TestVisionBoards" name="test_get_board" time="0.046" /><testcase classname="backend.tests.test_velora_v2.TestVisionBoards" name="test_update_board_upsert" time="0.045" /><testcase classname="backend.tests.test_velora_v2.TestVisionBoards" name="test_list_and_delete" time="0.137" /><testcase classname="backend.tests.test_velora_v2.TestPregrad" name="test_pregrad_requires_auth" time="0.089" /><testcase classname="backend.tests.test_velora_v2.TestPregrad" name="test_pregrad_put_both_modes" time="0.177" /><testcase classname="backend.tests.test_velora_v2.TestPregrad" name="test_pregrad_bad_mode_400" time="0.047" /><testcase classname="backend.tests.test_velora_v2.TestPlannerCategory" name="test_create_with_category_daily" time="0.220" /><testcase classname="backend.tests.test_velora_v2.TestPlannerCategory" name="test_patch_category" time="0.045" /><testcase classname="backend.tests.test_velora_v2.TestPlannerCategory" name="test_reorder" time="0.132" /><testcase classname="backend.tests.test_velora_v2.TestPlannerCategory" name="test_cleanup_daily_tasks" time="0.138" /><testcase classname="backend.tests.test_velora_v2.TestCollectionsArbitrary" name="test_save_news_with_payload" time="0.045" /><testcase classname="backend.tests.test_velora_v2.TestCollectionsArbitrary" name="test_save_news_dedupe" time="0.043" /><testcase classname="backend.tests.test_velora_v2.TestCollectionsArbitrary" name="test_cleanup_news_save" time="0.056" /></testsuite></testsuites>