<?xml version="1.0" encoding="utf-8"?><testsuites name="pytest tests"><testsuite name="pytest" errors="0" failures="0" skipped="0" tests="32" time="25.113" timestamp="2026-07-16T12:48:38.242984+00:00" hostname="agent-env-75eb7f7c-13f9-472d-9674-484602c2e4d6"><testcase classname="backend.tests.test_velora_backend.TestPublic" name="test_root_ok" time="0.127" /><testcase classname="backend.tests.test_velora_backend.TestPublic" name="test_quotes_non_empty" time="0.051" /><testcase classname="backend.tests.test_velora_backend.TestPublic" name="test_onboarding_library_shape" time="0.052" /><testcase classname="backend.tests.test_velora_backend.TestNews" name="test_news_default_returns_items" time="0.060" /><testcase classname="backend.tests.test_velora_backend.TestNews" name="test_news_filter_by_kind[new_career]" time="0.077" /><testcase classname="backend.tests.test_velora_backend.TestNews" name="test_news_filter_by_kind[news]" time="0.056" /><testcase classname="backend.tests.test_velora_backend.TestNews" name="test_news_filter_by_kind[fact]" time="0.267" /><testcase classname="backend.tests.test_velora_backend.TestNews" name="test_news_filter_by_kind[all]" time="0.050" /><testcase classname="backend.tests.test_velora_backend.TestExplore" name="test_scholarships_seeded_15" time="0.056" /><testcase classname="backend.tests.test_velora_backend.TestExplore" name="test_scholarships_query_filter" time="0.059" /><testcase classname="backend.tests.test_velora_backend.TestExplore" name="test_scholarships_tag_filter" time="0.055" /><testcase classname="backend.tests.test_velora_backend.TestExplore" name="test_scholarship_detail" time="0.061" /><testcase classname="backend.tests.test_velora_backend.TestExplore" name="test_unknown_kind_returns_404" time="0.059" /><testcase classname="backend.tests.test_velora_backend.TestExplore" name="test_unknown_item_returns_404" time="0.054" /><testcase classname="backend.tests.test_velora_backend.TestAuthGate" name="test_me_401_without_token" time="0.056" /><testcase classname="backend.tests.test_velora_backend.TestAuthGate" name="test_session_invalid_id_401" time="0.147" /><testcase classname="backend.tests.test_velora_backend.TestAuthGate" name="test_gated_endpoint_401[/api/planner]" time="0.055" /><testcase classname="backend.tests.test_velora_backend.TestAuthGate" name="test_gated_endpoint_401[/api/collections]" time="0.054" /><testcase classname="backend.tests.test_velora_backend.TestAuthGate" name="test_gated_endpoint_401[/api/blueprint]" time="0.052" /><testcase classname="backend.tests.test_velora_backend.TestAuthGate" name="test_gated_endpoint_401[/api/discover/today]" time="0.060" /><testcase classname="backend.tests.test_velora_backend.TestAuthed" name="test_me_with_token" time="0.071" /><testcase classname="backend.tests.test_velora_backend.TestAuthed" name="test_discover_today_shape" time="0.061" /><testcase classname="backend.tests.test_velora_backend.TestPlannerCRUD" name="test_create_task" time="0.052" /><testcase classname="backend.tests.test_velora_backend.TestPlannerCRUD" name="test_list_contains_created" time="0.060" /><testcase classname="backend.tests.test_velora_backend.TestPlannerCRUD" name="test_patch_status_done" time="0.064" /><testcase classname="backend.tests.test_velora_backend.TestPlannerCRUD" name="test_delete_task" time="0.109" /><testcase classname="backend.tests.test_velora_backend.TestCollections" name="test_save_scholarship_first" time="0.055" /><testcase classname="backend.tests.test_velora_backend.TestCollections" name="test_save_scholarship_dedupe" time="0.059" /><testcase classname="backend.tests.test_velora_backend.TestCollections" name="test_list_saves" time="0.051" /><testcase classname="backend.tests.test_velora_backend.TestCollections" name="test_delete_save" time="0.105" /><testcase classname="backend.tests.test_velora_backend.TestOnboardingComplete" name="test_complete_generates_blueprint" time="22.813" /><testcase classname="backend.tests.test_velora_backend.TestOnboardingComplete" name="test_get_blueprint_after_complete" time="0.052" /></testsuite></testsuites>